<?xml version="1.0" encoding="UTF-8"?>
<!-- Generated by org.testng.reporters.JUnitXMLReporter -->
<testsuite hostname="VDUDDUKU-L470" ignored="0" name="Surefire test" tests="3" failures="0" timestamp="2020-05-20T15:13:51 IST" time="268.127" errors="0">
  <testcase name="feature" time="76.058" classname="testRunner.RunCukeTest"/>
  <testcase name="feature" time="98.083" classname="testRunner.RunCukeTest"/>
  <testcase name="feature" time="93.671" classname="testRunner.RunCukeTest"/>
</testsuite> <!-- Surefire test -->
